Arguments: 
  /usr/local/lib/nodejs/node-v16.14.2-linux-x64/bin/node /usr/bin/yarn add @tanstack/react-query

PATH: 
  /usr/local/lib/nodejs/node-v16.14.2-linux-x64/bin:/usr/local/libte/nodejs/bin:/home/nebiyu/.local/bin:/usr/local/lib/nodejs/node-v16.14.2-linux-x64/bin:/usr/local/libte/nodejs/bin:/home/nebiyu/.local/bin:/usr/local/sbin:/usr/local/bin:/usr/sbin:/usr/bin:/sbin:/bin:/usr/games:/usr/local/games:/snap/bin:/snap/bin:/emulator:/platform-tools:/emulator:/platform-tools:/emulator:/platform-tools:/emulator:/platform-tools

Yarn version: 
  1.22.18

Node version: 
  16.14.2

Platform: 
  linux x64

Trace: 
  Error: getaddrinfo EAI_AGAIN registry.yarnpkg.com
      at GetAddrInfoReqWrap.onlookup [as oncomplete] (node:dns:71:26)

npm manifest: 
  {
    "name": "server",
    "version": "1.0.0",
    "description": "",
    "main": "server.js",
    "scripts": {
      "start": "node .",
      "dev": "nodemon"
    },
    "keywords": [],
    "author": "",
    "license": "ISC",
    "engines": {
      "node": "16.x"
    },
    "dependencies": {
      "@vonage/server-sdk": "^2.11.1",
      "bcrypt": "^5.0.1",
      "cors": "^2.8.5",
      "csurf": "^1.11.0",
      "dotenv": "^16.0.1",
      "express": "^4.18.1",
      "express-rate-limit": "^6.4.0",
      "helmet": "^5.1.0",
      "jsonwebtoken": "^8.5.1",
      "libphonenumber-js": "^1.10.6",
      "method-override": "^3.0.0",
      "mongoose": "^6.3.5",
      "morgan": "^1.10.0",
      "multer": "^1.4.5-lts.1",
      "multer-gridfs-storage": "^5.0.2",
      "node-mailjet": "^5.1.1",
      "passport": "^0.6.0",
      "passport-jwt": "^4.0.0",
      "randomstring": "^1.2.2",
      "ratelimiter": "^3.4.1",
      "socket.io": "^4.5.1",
      "validator": "^13.7.0",
      "yenepaysdk": "^1.2.0",
      "yup": "^0.32.11"
    },
    "devDependencies": {
      "nodemon": "^2.0.16"
    }
  }

yarn manifest: 
  No manifest

Lockfile: 
  No lockfile
